<?xml version="1.0" encoding="utf-8"?>
<TestRun id="968a9c72-68dc-44c0-95f6-318145eb4959" name="Arpit@DESKTOP-9D8V0SJ 2026-07-07 23:14:37" runUser="DESKTOP-9D8V0SJ\Arpit" xmlns="http://microsoft.com/schemas/VisualStudio/TeamTest/2010">
  <Times creation="2026-07-07T23:14:37.1329325+05:30" queuing="2026-07-07T23:14:37.1329329+05:30" start="2026-07-07T23:14:35.4768016+05:30" finish="2026-07-07T23:14:37.1534523+05:30" />
  <TestSettings name="default" id="dafb6f26-e76b-48c1-9e76-cdc370ba09ef">
    <Deployment runDeploymentRoot="Arpit_DESKTOP-9D8V0SJ_2026-07-07_23_14_37" />
  </TestSettings>
  <Results>
    <UnitTestResult executionId="b193d31c-4221-428e-8f5e-c5ceb9f64dc4" testId="c55d78ff-3e3a-2e0b-e42f-8e8d31b6905a" testName="HotelStay.Tests.ApiTests.Search_ReturnsBadRequest_When_CheckOutNotAfterCheckIn" computerName="DESKTOP-9D8V0SJ" duration="00:00:00.2544210" startTime="2026-07-07T23:14:37.0044968+05:30" endTime="2026-07-07T23:14:37.0045378+05:30" testType="13cdc9d9-ddb5-4fa4-a97d-d965ccfc6d4b" outcome="Failed" testListId="8c84fa94-04c1-424b-9868-57a2d4851a1d" relativeResultsDirectory="b193d31c-4221-428e-8f5e-c5ceb9f64dc4">
      <Output>
        <ErrorInfo>
          <Message>Assert.Equal() Failure: Values differ&#xD;
Expected: BadRequest&#xD;
Actual:   InternalServerError</Message>
          <StackTrace>   at HotelStay.Tests.ApiTests.Search_ReturnsBadRequest_When_CheckOutNotAfterCheckIn() in D:\Hotel-Stay\HotelStay.Tests\UnitTest1.cs:line 80&#xD;
--- End of stack trace from previous location ---</StackTrace>
        </ErrorInfo>
      </Output>
    </UnitTestResult>
  </Results>
  <TestDefinitions>
    <UnitTest name="HotelStay.Tests.ApiTests.Search_ReturnsBadRequest_When_CheckOutNotAfterCheckIn" storage="d:\hotel-stay\hotelstay.tests\bin\debug\net9.0\hotelstay.tests.dll" id="c55d78ff-3e3a-2e0b-e42f-8e8d31b6905a">
      <Execution id="b193d31c-4221-428e-8f5e-c5ceb9f64dc4" />
      <TestMethod codeBase="D:\Hotel-Stay\HotelStay.Tests\bin\Debug\net9.0\HotelStay.Tests.dll" adapterTypeName="executor://xunit/VsTestRunner2/netcoreapp" className="HotelStay.Tests.ApiTests" name="Search_ReturnsBadRequest_When_CheckOutNotAfterCheckIn" />
    </UnitTest>
  </TestDefinitions>
  <TestEntries>
    <TestEntry testId="c55d78ff-3e3a-2e0b-e42f-8e8d31b6905a" executionId="b193d31c-4221-428e-8f5e-c5ceb9f64dc4" testListId="8c84fa94-04c1-424b-9868-57a2d4851a1d" />
  </TestEntries>
  <TestLists>
    <TestList name="Results Not in a List" id="8c84fa94-04c1-424b-9868-57a2d4851a1d" />
    <TestList name="All Loaded Results" id="19431567-8539-422a-85d7-44ee4e166bda" />
  </TestLists>
  <ResultSummary outcome="Failed">
    <Counters total="1" executed="1" passed="0" failed="1" error="0" timeout="0" aborted="0" inconclusive="0" passedButRunAborted="0" notRunnable="0" notExecuted="0" disconnected="0" warning="0" completed="0" inProgress="0" pending="0" />
    <Output>
      <StdOut>[xUnit.net 00:00:00.00] xUnit.net VSTest Adapter v2.8.2+699d445a1a (64-bit .NET 9.0.8)&#xD;
[xUnit.net 00:00:00.75]   Discovering: HotelStay.Tests&#xD;
[xUnit.net 00:00:00.78]   Discovered:  HotelStay.Tests&#xD;
[xUnit.net 00:00:00.79]   Starting:    HotelStay.Tests&#xD;
fail: Microsoft.AspNetCore.Diagnostics.DeveloperExceptionPageMiddleware[1]&#xD;
      An unhandled exception has occurred while executing the request.&#xD;
      System.InvalidOperationException: The PipeWriter 'ResponseBodyPipeWriter' does not implement PipeWriter.UnflushedBytes.&#xD;
         at System.Text.Json.ThrowHelper.ThrowInvalidOperationException_PipeWriterDoesNotImplementUnflushedBytes(PipeWriter pipeWriter)&#xD;
         at System.Text.Json.Serialization.Metadata.JsonTypeInfo`1.SerializeAsync(PipeWriter pipeWriter, T rootValue, Int32 flushThreshold, CancellationToken cancellationToken, Object rootValueBoxed)&#xD;
         at Microsoft.AspNetCore.Http.HttpResponseJsonExtensions.&lt;WriteAsJsonAsync&gt;g__WriteAsJsonAsyncSlow|5_0[TValue](HttpResponse response, TValue value, JsonTypeInfo`1 jsonTypeInfo, CancellationToken cancellationToken)&#xD;
         at Microsoft.AspNetCore.Http.RequestDelegateFactory.ExecuteTaskResult[T](Task`1 task, HttpContext httpContext)&#xD;
         at Microsoft.AspNetCore.Diagnostics.DeveloperExceptionPageMiddlewareImpl.Invoke(HttpContext context)&#xD;
[xUnit.net 00:00:01.09]       Assert.Equal() Failure: Values differ&#xD;
[xUnit.net 00:00:01.09]       Expected: BadRequest&#xD;
[xUnit.net 00:00:01.09]       Actual:   InternalServerError&#xD;
[xUnit.net 00:00:01.09]       Stack Trace:&#xD;
[xUnit.net 00:00:01.09]         D:\Hotel-Stay\HotelStay.Tests\UnitTest1.cs(80,0): at HotelStay.Tests.ApiTests.Search_ReturnsBadRequest_When_CheckOutNotAfterCheckIn()&#xD;
[xUnit.net 00:00:01.09]         --- End of stack trace from previous location ---&#xD;
[xUnit.net 00:00:01.10]   Finished:    HotelStay.Tests&#xD;
</StdOut>
    </Output>
    <RunInfos>
      <RunInfo computerName="DESKTOP-9D8V0SJ" outcome="Error" timestamp="2026-07-07T23:14:37.0019100+05:30">
        <Text>[xUnit.net 00:00:01.09]     HotelStay.Tests.ApiTests.Search_ReturnsBadRequest_When_CheckOutNotAfterCheckIn [FAIL]</Text>
      </RunInfo>
    </RunInfos>
  </ResultSummary>
</TestRun>